<<<<<<< HEAD
This is pdfTeX, Version 3.1415926-2.4-1.40.13 (TeX Live 2012) (format=pdflatex 2012.6.30)  15 FEB 2014 16:36
entering extended mode
 restricted \write18 enabled.
 file:line:error style messages enabled.
=======
This is pdfTeX, Version 3.1415926-2.4-1.40.13 (TeX Live 2012/Debian) (format=latex 2013.8.27)  17 FEB 2014 09:36
entering extended mode
 restricted \write18 enabled.
>>>>>>> 60d95d952bf9e6111a0047a0b5bd646825775559
 %&-line parsing enabled.
**BestPracticesGuide.tex
(./BestPracticesGuide.tex
LaTeX2e <2011/06/27>
<<<<<<< HEAD
Babel <v3.8m> and hyphenation patterns for english, dumylang, nohyphenation, ge
rman-x-2012-05-30, ngerman-x-2012-05-30, afrikaans, ancientgreek, ibycus, arabi
c, armenian, basque, bulgarian, catalan, pinyin, coptic, croatian, czech, danis
h, dutch, ukenglish, usenglishmax, esperanto, estonian, ethiopic, farsi, finnis
h, french, friulan, galician, german, ngerman, swissgerman, monogreek, greek, h
ungarian, icelandic, assamese, bengali, gujarati, hindi, kannada, malayalam, ma
rathi, oriya, panjabi, tamil, telugu, indonesian, interlingua, irish, italian, 
kurmanji, latin, latvian, lithuanian, mongolian, mongolianlmc, bokmal, nynorsk,
 polish, portuguese, romanian, romansh, russian, sanskrit, serbian, serbianc, s
lovak, slovenian, spanish, swedish, turkish, turkmen, ukrainian, uppersorbian, 
welsh, loaded.
(/usr/local/texlive/2012/texmf-dist/tex/latex/base/book.cls
Document Class: book 2007/10/19 v1.4h Standard LaTeX document class
(/usr/local/texlive/2012/texmf-dist/tex/latex/base/bk12.clo
=======
Babel <v3.8m> and hyphenation patterns for english, dumylang, nohyphenation, lo
aded.
(/usr/share/texlive/texmf-dist/tex/latex/base/book.cls
Document Class: book 2007/10/19 v1.4h Standard LaTeX document class
(/usr/share/texlive/texmf-dist/tex/latex/base/bk12.clo
>>>>>>> 60d95d952bf9e6111a0047a0b5bd646825775559
File: bk12.clo 2007/10/19 v1.4h Standard LaTeX file (size option)
)
\c@part=\count79
\c@chapter=\count80
\c@section=\count81
\c@subsection=\count82
\c@subsubsection=\count83
\c@paragraph=\count84
\c@subparagraph=\count85
\c@figure=\count86
\c@table=\count87
\abovecaptionskip=\skip41
\belowcaptionskip=\skip42
\bibindent=\dimen102
)
<<<<<<< HEAD
(/usr/local/texlive/2012/texmf-dist/tex/latex/fancyhdr/fancyhdr.sty
=======
(/usr/share/texlive/texmf-dist/tex/latex/fancyhdr/fancyhdr.sty
>>>>>>> 60d95d952bf9e6111a0047a0b5bd646825775559
\fancy@headwidth=\skip43
\f@ncyO@elh=\skip44
\f@ncyO@erh=\skip45
\f@ncyO@olh=\skip46
\f@ncyO@orh=\skip47
\f@ncyO@elf=\skip48
\f@ncyO@erf=\skip49
\f@ncyO@olf=\skip50
\f@ncyO@orf=\skip51
)
<<<<<<< HEAD
(/usr/local/texlive/2012/texmf-dist/tex/latex/fncychap/fncychap.sty
=======
(/usr/share/texlive/texmf-dist/tex/latex/fncychap/fncychap.sty
>>>>>>> 60d95d952bf9e6111a0047a0b5bd646825775559
Package: fncychap 2007/07/30 v1.34 LaTeX package (Revised chapters)
\RW=\skip52
\mylen=\skip53
\myhi=\skip54
\px=\skip55
\py=\skip56
\pyy=\skip57
\pxx=\skip58
\c@AlphaCnt=\count88
\c@AlphaDecCnt=\count89
)
<<<<<<< HEAD
(/usr/local/texlive/2012/texmf-dist/tex/latex/titlesec/titlesec.sty
=======
(/usr/share/texlive/texmf-dist/tex/latex/titlesec/titlesec.sty
>>>>>>> 60d95d952bf9e6111a0047a0b5bd646825775559
Package: titlesec 2011/12/15 v2.10.0 Sectioning titles
\ttl@box=\box26
\beforetitleunit=\skip59
\aftertitleunit=\skip60
\ttl@plus=\dimen103
\ttl@minus=\dimen104
\ttl@toksa=\toks14
\titlewidth=\dimen105
\titlewidthlast=\dimen106
\titlewidthfirst=\dimen107
)
<<<<<<< HEAD
(/usr/local/texlive/2012/texmf-dist/tex/latex/amsmath/amsmath.sty
=======
(/usr/share/texlive/texmf-dist/tex/latex/amsmath/amsmath.sty
>>>>>>> 60d95d952bf9e6111a0047a0b5bd646825775559
Package: amsmath 2000/07/18 v2.13 AMS math features
\@mathmargin=\skip61

For additional information on amsmath, use the `?' option.
<<<<<<< HEAD
(/usr/local/texlive/2012/texmf-dist/tex/latex/amsmath/amstext.sty
Package: amstext 2000/06/29 v2.01

(/usr/local/texlive/2012/texmf-dist/tex/latex/amsmath/amsgen.sty
=======
(/usr/share/texlive/texmf-dist/tex/latex/amsmath/amstext.sty
Package: amstext 2000/06/29 v2.01

(/usr/share/texlive/texmf-dist/tex/latex/amsmath/amsgen.sty
>>>>>>> 60d95d952bf9e6111a0047a0b5bd646825775559
File: amsgen.sty 1999/11/30 v2.0
\@emptytoks=\toks15
\ex@=\dimen108
))
<<<<<<< HEAD
(/usr/local/texlive/2012/texmf-dist/tex/latex/amsmath/amsbsy.sty
Package: amsbsy 1999/11/29 v1.2d
\pmbraise@=\dimen109
)
(/usr/local/texlive/2012/texmf-dist/tex/latex/amsmath/amsopn.sty
=======
(/usr/share/texlive/texmf-dist/tex/latex/amsmath/amsbsy.sty
Package: amsbsy 1999/11/29 v1.2d
\pmbraise@=\dimen109
)
(/usr/share/texlive/texmf-dist/tex/latex/amsmath/amsopn.sty
>>>>>>> 60d95d952bf9e6111a0047a0b5bd646825775559
Package: amsopn 1999/12/14 v2.01 operator names
)
\inf@bad=\count90
LaTeX Info: Redefining \frac on input line 211.
\uproot@=\count91
\leftroot@=\count92
LaTeX Info: Redefining \overline on input line 307.
\classnum@=\count93
\DOTSCASE@=\count94
LaTeX Info: Redefining \ldots on input line 379.
LaTeX Info: Redefining \dots on input line 382.
LaTeX Info: Redefining \cdots on input line 467.
\Mathstrutbox@=\box27
\strutbox@=\box28
\big@size=\dimen110
LaTeX Font Info:    Redeclaring font encoding OML on input line 567.
LaTeX Font Info:    Redeclaring font encoding OMS on input line 568.
\macc@depth=\count95
\c@MaxMatrixCols=\count96
\dotsspace@=\muskip10
\c@parentequation=\count97
\dspbrk@lvl=\count98
\tag@help=\toks16
\row@=\count99
\column@=\count100
\maxfields@=\count101
\andhelp@=\toks17
\eqnshift@=\dimen111
\alignsep@=\dimen112
\tagshift@=\dimen113
\tagwidth@=\dimen114
\totwidth@=\dimen115
\lineht@=\dimen116
\@envbody=\toks18
\multlinegap=\skip62
\multlinetaggap=\skip63
\mathdisplay@stack=\toks19
LaTeX Info: Redefining \[ on input line 2666.
LaTeX Info: Redefining \] on input line 2667.
)
<<<<<<< HEAD
(/usr/local/texlive/2012/texmf-dist/tex/latex/amsfonts/amssymb.sty
Package: amssymb 2009/06/22 v3.00

(/usr/local/texlive/2012/texmf-dist/tex/latex/amsfonts/amsfonts.sty
=======
(/usr/share/texlive/texmf-dist/tex/latex/amsfonts/amssymb.sty
Package: amssymb 2009/06/22 v3.00

(/usr/share/texlive/texmf-dist/tex/latex/amsfonts/amsfonts.sty
>>>>>>> 60d95d952bf9e6111a0047a0b5bd646825775559
Package: amsfonts 2009/06/22 v3.00 Basic AMSFonts support
\symAMSa=\mathgroup4
\symAMSb=\mathgroup5
LaTeX Font Info:    Overwriting math alphabet `\mathfrak' in version `bold'
(Font)                  U/euf/m/n --> U/euf/b/n on input line 96.
))
<<<<<<< HEAD
(/usr/local/texlive/2012/texmf-dist/tex/latex/base/ifthen.sty
Package: ifthen 2001/05/26 v1.1c Standard LaTeX ifthen package (DPC)
)
(/usr/local/texlive/2012/texmf-dist/tex/latex/psfrag/psfrag.sty
Package: psfrag 1998/04/11 v3.04 PSfrag (MCG)

(/usr/local/texlive/2012/texmf-dist/tex/latex/graphics/graphics.sty
Package: graphics 2009/02/05 v1.0o Standard LaTeX Graphics (DPC,SPQR)

(/usr/local/texlive/2012/texmf-dist/tex/latex/graphics/trig.sty
Package: trig 1999/03/16 v1.09 sin cos tan (DPC)
)
(/usr/local/texlive/2012/texmf-dist/tex/latex/latexconfig/graphics.cfg
File: graphics.cfg 2010/04/23 v1.9 graphics configuration of TeX Live
)
Package graphics Info: Driver file: pdftex.def on input line 91.

(/usr/local/texlive/2012/texmf-dist/tex/latex/pdftex-def/pdftex.def
File: pdftex.def 2011/05/27 v0.06d Graphics/color for pdfTeX

(/usr/local/texlive/2012/texmf-dist/tex/generic/oberdiek/infwarerr.sty
Package: infwarerr 2010/04/08 v1.3 Providing info/warning/error messages (HO)
)
(/usr/local/texlive/2012/texmf-dist/tex/generic/oberdiek/ltxcmds.sty
Package: ltxcmds 2011/11/09 v1.22 LaTeX kernel commands for general use (HO)
)
\Gread@gobject=\count102
))
\pfg@pcount=\count103
\pfg@scount=\count104
\pfg@temp=\write3
)
(/usr/local/texlive/2012/texmf-dist/tex/latex/textcase/textcase.sty
Package: textcase 2004/10/07 v0.07 Text only upper/lower case changing (DPC)
)
(/usr/local/texlive/2012/texmf-dist/tex/latex/tools/xspace.sty
Package: xspace 2009/10/20 v1.13 Space after command names (DPC,MH)
)
(/usr/local/texlive/2012/texmf-dist/tex/latex/subfigure/subfigure.sty
=======
(/usr/share/texlive/texmf-dist/tex/latex/base/ifthen.sty
Package: ifthen 2001/05/26 v1.1c Standard LaTeX ifthen package (DPC)
)
(/usr/share/texlive/texmf-dist/tex/latex/psfrag/psfrag.sty
Package: psfrag 1998/04/11 v3.04 PSfrag (MCG)

(/usr/share/texlive/texmf-dist/tex/latex/graphics/graphics.sty
Package: graphics 2009/02/05 v1.0o Standard LaTeX Graphics (DPC,SPQR)

(/usr/share/texlive/texmf-dist/tex/latex/graphics/trig.sty
Package: trig 1999/03/16 v1.09 sin cos tan (DPC)
)
(/usr/share/texlive/texmf-dist/tex/latex/latexconfig/graphics.cfg
File: graphics.cfg 2010/04/23 v1.9 graphics configuration of TeX Live
)
Package graphics Info: Driver file: dvips.def on input line 91.

(/usr/share/texlive/texmf-dist/tex/latex/graphics/dvips.def
File: dvips.def 1999/02/16 v3.0i Driver-dependant file (DPC,SPQR)
))
\pfg@pcount=\count102
\pfg@scount=\count103
\pfg@temp=\write3
)
(/usr/share/texlive/texmf-dist/tex/latex/textcase/textcase.sty
Package: textcase 2004/10/07 v0.07 Text only upper/lower case changing (DPC)
)
(/usr/share/texlive/texmf-dist/tex/latex/tools/xspace.sty
Package: xspace 2009/10/20 v1.13 Space after command names (DPC,MH)
)
(/usr/share/texlive/texmf-dist/tex/latex/subfigure/subfigure.sty
>>>>>>> 60d95d952bf9e6111a0047a0b5bd646825775559
Package: subfigure 2002/03/15 v2.1.5 subfigure package
\subfigtopskip=\skip64
\subfigcapskip=\skip65
\subfigcaptopadj=\dimen117
\subfigbottomskip=\skip66
\subfigcapmargin=\dimen118
\subfiglabelskip=\skip67
<<<<<<< HEAD
\c@subfigure=\count105
\c@lofdepth=\count106
\c@subtable=\count107
\c@lotdepth=\count108
=======
\c@subfigure=\count104
\c@lofdepth=\count105
\c@subtable=\count106
\c@lotdepth=\count107
>>>>>>> 60d95d952bf9e6111a0047a0b5bd646825775559

****************************************
* Local config file subfigure.cfg used *
****************************************
<<<<<<< HEAD
(/usr/local/texlive/2012/texmf-dist/tex/latex/subfigure/subfigure.cfg)
\subfig@top=\skip68
\subfig@bottom=\skip69
)
(/usr/local/texlive/2012/texmf-dist/tex/latex/tools/calc.sty
Package: calc 2007/08/22 v4.3 Infix arithmetic (KKT,FJ)
\calc@Acount=\count109
\calc@Bcount=\count110
=======
(/usr/share/texlive/texmf-dist/tex/latex/subfigure/subfigure.cfg)
\subfig@top=\skip68
\subfig@bottom=\skip69
)
(/usr/share/texlive/texmf-dist/tex/latex/tools/calc.sty
Package: calc 2007/08/22 v4.3 Infix arithmetic (KKT,FJ)
\calc@Acount=\count108
\calc@Bcount=\count109
>>>>>>> 60d95d952bf9e6111a0047a0b5bd646825775559
\calc@Adimen=\dimen119
\calc@Bdimen=\dimen120
\calc@Askip=\skip70
\calc@Bskip=\skip71
LaTeX Info: Redefining \setlength on input line 76.
LaTeX Info: Redefining \addtolength on input line 77.
<<<<<<< HEAD
\calc@Ccount=\count111
\calc@Cskip=\skip72
)
(/usr/local/texlive/2012/texmf-dist/tex/latex/tools/tabularx.sty
Package: tabularx 1999/01/07 v2.07 `tabularx' package (DPC)

(/usr/local/texlive/2012/texmf-dist/tex/latex/tools/array.sty
=======
\calc@Ccount=\count110
\calc@Cskip=\skip72
)
(/usr/share/texlive/texmf-dist/tex/latex/tools/tabularx.sty
Package: tabularx 1999/01/07 v2.07 `tabularx' package (DPC)

(/usr/share/texlive/texmf-dist/tex/latex/tools/array.sty
>>>>>>> 60d95d952bf9e6111a0047a0b5bd646825775559
Package: array 2008/09/09 v2.4c Tabular extension package (FMi)
\col@sep=\dimen121
\extrarowheight=\dimen122
\NC@list=\toks20
\extratabsurround=\skip73
\backup@length=\skip74
)
\TX@col@width=\dimen123
\TX@old@table=\dimen124
\TX@old@col=\dimen125
\TX@target=\dimen126
\TX@delta=\dimen127
<<<<<<< HEAD
\TX@cols=\count112
\TX@ftn=\toks21
)
(/usr/local/texlive/2012/texmf-dist/tex/latex/tools/enumerate.sty
Package: enumerate 1999/03/05 v3.00 enumerate extensions (DPC)
\@enLab=\toks22
)
(/usr/local/texlive/2012/texmf-dist/tex/latex/tools/dcolumn.sty
Package: dcolumn 2001/05/28 v1.06 decimal alignment package (DPC)
)
(/usr/local/texlive/2012/texmf-dist/tex/latex/base/makeidx.sty
=======
\TX@cols=\count111
\TX@ftn=\toks21
)
(/usr/share/texlive/texmf-dist/tex/latex/tools/enumerate.sty
Package: enumerate 1999/03/05 v3.00 enumerate extensions (DPC)
\@enLab=\toks22
)
(/usr/share/texlive/texmf-dist/tex/latex/tools/dcolumn.sty
Package: dcolumn 2001/05/28 v1.06 decimal alignment package (DPC)
)
(/usr/share/texlive/texmf-dist/tex/latex/base/makeidx.sty
>>>>>>> 60d95d952bf9e6111a0047a0b5bd646825775559
Package: makeidx 2000/03/29 v1.0m Standard LaTeX package
)
\@indexfile=\write4
\openout4 = `BestPracticesGuide.idx'.


Writing index file BestPracticesGuide.idx
<<<<<<< HEAD
(/usr/local/texlive/2012/texmf-dist/tex/latex/tools/afterpage.sty
=======
(/usr/share/texlive/texmf-dist/tex/latex/tools/afterpage.sty
>>>>>>> 60d95d952bf9e6111a0047a0b5bd646825775559
Package: afterpage 1995/10/27 v1.08 After-Page Package (DPC)
\AP@output=\toks23
\AP@partial=\box29
\AP@footins=\box30
)
<<<<<<< HEAD
(/usr/local/texlive/2012/texmf-dist/tex/latex/import/import.sty
Package: import 2009/03/23  v 5.1
)
(/usr/local/texlive/2012/texmf-dist/tex/latex/lastpage/lastpage.sty
Package: lastpage 2011/09/01 v1.2k Refers to last page's name (HMM; JPG)
)
(/usr/local/texlive/2012/texmf-dist/tex/latex/sidecap/sidecap.sty
=======
(/usr/share/texlive/texmf-dist/tex/latex/import/import.sty
Package: import 2009/03/23  v 5.1
)
(/usr/share/texlive/texmf-dist/tex/latex/lastpage/lastpage.sty
Package: lastpage 2011/09/01 v1.2k Refers to last page's name (HMM; JPG)
)
(/usr/share/texlive/texmf-dist/tex/latex/sidecap/sidecap.sty
>>>>>>> 60d95d952bf9e6111a0047a0b5bd646825775559
Package: sidecap 2003/06/06 v1.6f SideCap Package (RN/HjG)
\SC@BOXWD=\dimen128
\SC@CAPWD=\dimen129
\SC@tempdima=\dimen130
\SC@tempdimb=\dimen131
<<<<<<< HEAD
\c@SC@C=\count113
\SC@BOX=\box31
)
(/usr/local/texlive/2012/texmf-dist/tex/latex/wrapfig/wrapfig.sty
\wrapoverhang=\dimen132
\WF@size=\dimen133
\c@WF@wrappedlines=\count114
=======
\c@SC@C=\count112
\SC@BOX=\box31
)
(/usr/share/texlive/texmf-dist/tex/latex/wrapfig/wrapfig.sty
\wrapoverhang=\dimen132
\WF@size=\dimen133
\c@WF@wrappedlines=\count113
>>>>>>> 60d95d952bf9e6111a0047a0b5bd646825775559
\WF@box=\box32
\WF@everypar=\toks24
Package: wrapfig 2003/01/31  v 3.6
)
<<<<<<< HEAD
(/usr/local/texlive/2012/texmf-dist/tex/latex/hyperref/hyperref.sty
Package: hyperref 2012/05/13 v6.82q Hypertext links for LaTeX

(/usr/local/texlive/2012/texmf-dist/tex/generic/oberdiek/hobsub-hyperref.sty
Package: hobsub-hyperref 2012/05/28 v1.13 Bundle oberdiek, subset hyperref (HO)


(/usr/local/texlive/2012/texmf-dist/tex/generic/oberdiek/hobsub-generic.sty
Package: hobsub-generic 2012/05/28 v1.13 Bundle oberdiek, subset generic (HO)
Package: hobsub 2012/05/28 v1.13 Construct package bundles (HO)
Package hobsub Info: Skipping package `infwarerr' (already loaded).
Package hobsub Info: Skipping package `ltxcmds' (already loaded).
=======
(/usr/share/texlive/texmf-dist/tex/latex/hyperref/hyperref.sty
Package: hyperref 2012/05/13 v6.82q Hypertext links for LaTeX

(/usr/share/texlive/texmf-dist/tex/generic/oberdiek/hobsub-hyperref.sty
Package: hobsub-hyperref 2012/05/28 v1.13 Bundle oberdiek, subset hyperref (HO)


(/usr/share/texlive/texmf-dist/tex/generic/oberdiek/hobsub-generic.sty
Package: hobsub-generic 2012/05/28 v1.13 Bundle oberdiek, subset generic (HO)
Package: hobsub 2012/05/28 v1.13 Construct package bundles (HO)
Package: infwarerr 2010/04/08 v1.3 Providing info/warning/error messages (HO)
Package: ltxcmds 2011/11/09 v1.22 LaTeX kernel commands for general use (HO)
>>>>>>> 60d95d952bf9e6111a0047a0b5bd646825775559
Package: ifluatex 2010/03/01 v1.3 Provides the ifluatex switch (HO)
Package ifluatex Info: LuaTeX not detected.
Package: ifvtex 2010/03/01 v1.5 Detect VTeX and its facilities (HO)
Package ifvtex Info: VTeX not detected.
Package: intcalc 2007/09/27 v1.1 Expandable calculations with integers (HO)
Package: ifpdf 2011/01/30 v2.3 Provides the ifpdf switch (HO)
<<<<<<< HEAD
Package ifpdf Info: pdfTeX in PDF mode is detected.
=======
Package ifpdf Info: pdfTeX in PDF mode is not detected.
>>>>>>> 60d95d952bf9e6111a0047a0b5bd646825775559
Package: etexcmds 2011/02/16 v1.5 Avoid name clashes with e-TeX commands (HO)
Package etexcmds Info: Could not find \expanded.
(etexcmds)             That can mean that you are not using pdfTeX 1.50 or
(etexcmds)             that some package has redefined \expanded.
(etexcmds)             In the latter case, load this package earlier.
Package: kvsetkeys 2012/04/25 v1.16 Key value parser (HO)
Package: kvdefinekeys 2011/04/07 v1.3 Define keys (HO)
Package: pdftexcmds 2011/11/29 v0.20 Utility functions of pdfTeX for LuaTeX (HO
)
Package pdftexcmds Info: LuaTeX not detected.
Package pdftexcmds Info: \pdf@primitive is available.
Package pdftexcmds Info: \pdf@ifprimitive is available.
<<<<<<< HEAD
Package pdftexcmds Info: \pdfdraftmode found.
=======
Package pdftexcmds Info: \pdfdraftmode is ignored in DVI mode.
>>>>>>> 60d95d952bf9e6111a0047a0b5bd646825775559
Package: pdfescape 2011/11/25 v1.13 Implements pdfTeX's escape features (HO)
Package: bigintcalc 2012/04/08 v1.3 Expandable calculations on big integers (HO
)
Package: bitset 2011/01/30 v1.1 Handle bit-vector datatype (HO)
Package: uniquecounter 2011/01/30 v1.2 Provide unlimited unique counter (HO)
)
Package hobsub Info: Skipping package `hobsub' (already loaded).
Package: letltxmacro 2010/09/02 v1.4 Let assignment for LaTeX macros (HO)
Package: hopatch 2012/05/28 v1.2 Wrapper for package hooks (HO)
Package: xcolor-patch 2011/01/30 xcolor patch
Package: atveryend 2011/06/30 v1.8 Hooks at the very end of document (HO)
Package atveryend Info: \AP@enddocument detected (standard20110627).
Package: atbegshi 2011/10/05 v1.16 At begin shipout hook (HO)
Package: refcount 2011/10/16 v3.4 Data extraction from label references (HO)
Package: hycolor 2011/01/30 v1.7 Color options for hyperref/bookmark (HO)
)
<<<<<<< HEAD
(/usr/local/texlive/2012/texmf-dist/tex/latex/graphics/keyval.sty
Package: keyval 1999/03/16 v1.13 key=value parser (DPC)
\KV@toks@=\toks25
)
(/usr/local/texlive/2012/texmf-dist/tex/generic/ifxetex/ifxetex.sty
Package: ifxetex 2010/09/12 v0.6 Provides ifxetex conditional
)
(/usr/local/texlive/2012/texmf-dist/tex/latex/oberdiek/kvoptions.sty
Package: kvoptions 2011/06/30 v3.11 Key value format for package options (HO)
)
\@linkdim=\dimen134
\Hy@linkcounter=\count115
\Hy@pagecounter=\count116

(/usr/local/texlive/2012/texmf-dist/tex/latex/hyperref/pd1enc.def
File: pd1enc.def 2012/05/13 v6.82q Hyperref: PDFDocEncoding definition (HO)
)
\Hy@SavedSpaceFactor=\count117

(/usr/local/texlive/2012/texmf-dist/tex/latex/latexconfig/hyperref.cfg
=======
(/usr/share/texlive/texmf-dist/tex/latex/graphics/keyval.sty
Package: keyval 1999/03/16 v1.13 key=value parser (DPC)
\KV@toks@=\toks25
)
(/usr/share/texlive/texmf-dist/tex/generic/ifxetex/ifxetex.sty
Package: ifxetex 2010/09/12 v0.6 Provides ifxetex conditional
)
(/usr/share/texlive/texmf-dist/tex/latex/oberdiek/kvoptions.sty
Package: kvoptions 2011/06/30 v3.11 Key value format for package options (HO)
)
\@linkdim=\dimen134
\Hy@linkcounter=\count114
\Hy@pagecounter=\count115

(/usr/share/texlive/texmf-dist/tex/latex/hyperref/pd1enc.def
File: pd1enc.def 2012/05/13 v6.82q Hyperref: PDFDocEncoding definition (HO)
)
\Hy@SavedSpaceFactor=\count116

(/usr/share/texlive/texmf-dist/tex/latex/latexconfig/hyperref.cfg
>>>>>>> 60d95d952bf9e6111a0047a0b5bd646825775559
File: hyperref.cfg 2002/06/06 v1.2 hyperref configuration of TeXLive
)
Package hyperref Info: Hyper figures OFF on input line 4062.
Package hyperref Info: Link nesting OFF on input line 4067.
Package hyperref Info: Hyper index ON on input line 4070.
Package hyperref Info: Plain pages OFF on input line 4077.
Package hyperref Info: Backreferencing OFF on input line 4082.
Package hyperref Info: Implicit mode ON; LaTeX internals redefined.
Package hyperref Info: Bookmarks ON on input line 4300.
<<<<<<< HEAD
\c@Hy@tempcnt=\count118

(/usr/local/texlive/2012/texmf-dist/tex/latex/url/url.sty
=======
\c@Hy@tempcnt=\count117

(/usr/share/texlive/texmf-dist/tex/latex/url/url.sty
>>>>>>> 60d95d952bf9e6111a0047a0b5bd646825775559
\Urlmuskip=\muskip11
Package: url 2006/04/12  ver 3.3  Verb mode for urls, etc.
)
LaTeX Info: Redefining \url on input line 4653.
<<<<<<< HEAD
\Fld@menulength=\count119
=======
\Fld@menulength=\count118
>>>>>>> 60d95d952bf9e6111a0047a0b5bd646825775559
\Field@Width=\dimen135
\Fld@charsize=\dimen136
Package hyperref Info: Hyper figures OFF on input line 5773.
Package hyperref Info: Link nesting OFF on input line 5778.
Package hyperref Info: Hyper index ON on input line 5781.
Package hyperref Info: backreferencing OFF on input line 5788.
Package hyperref Info: Link coloring OFF on input line 5793.
Package hyperref Info: Link coloring with OCG OFF on input line 5798.
Package hyperref Info: PDF/A mode OFF on input line 5803.
LaTeX Info: Redefining \ref on input line 5843.
LaTeX Info: Redefining \pageref on input line 5847.
<<<<<<< HEAD
\Hy@abspage=\count120
\c@Item=\count121
\c@Hfootnote=\count122
)

Package hyperref Message: Driver (autodetected): hpdftex.

(/usr/local/texlive/2012/texmf-dist/tex/latex/hyperref/hpdftex.def
File: hpdftex.def 2012/05/13 v6.82q Hyperref driver for pdfTeX
\Fld@listcount=\count123
\c@bookmark@seq@number=\count124

(/usr/local/texlive/2012/texmf-dist/tex/latex/oberdiek/rerunfilecheck.sty
=======
\Hy@abspage=\count119
\c@Item=\count120
\c@Hfootnote=\count121
)

Package hyperref Message: Driver (default): hdvips.

(/usr/share/texlive/texmf-dist/tex/latex/hyperref/hdvips.def
File: hdvips.def 2012/05/13 v6.82q Hyperref driver for dvips

(/usr/share/texlive/texmf-dist/tex/latex/hyperref/pdfmark.def
File: pdfmark.def 2012/05/13 v6.82q Hyperref definitions for pdfmark specials
\pdf@docset=\toks26
\pdf@box=\box33
\pdf@toks=\toks27
\pdf@defaulttoks=\toks28
\Fld@listcount=\count122
\c@bookmark@seq@number=\count123

(/usr/share/texlive/texmf-dist/tex/latex/oberdiek/rerunfilecheck.sty
>>>>>>> 60d95d952bf9e6111a0047a0b5bd646825775559
Package: rerunfilecheck 2011/04/15 v1.7 Rerun checks for auxiliary files (HO)
Package uniquecounter Info: New unique counter `rerunfilecheck' on input line 2
82.
)
\Hy@SectionHShift=\skip75
<<<<<<< HEAD
)
(/usr/local/texlive/2012/texmf-dist/tex/latex/oberdiek/hypcap.sty
=======
))
(/usr/share/texlive/texmf-dist/tex/latex/oberdiek/hypcap.sty
>>>>>>> 60d95d952bf9e6111a0047a0b5bd646825775559
Package: hypcap 2011/02/16 v1.11 Adjusting the anchors of captions (HO)
)
(./BestPracticesGuide.aux)
\openout1 = `BestPracticesGuide.aux'.

LaTeX Font Info:    Checking defaults for OML/cmm/m/it on input line 213.
LaTeX Font Info:    ... okay on input line 213.
LaTeX Font Info:    Checking defaults for T1/cmr/m/n on input line 213.
LaTeX Font Info:    ... okay on input line 213.
LaTeX Font Info:    Checking defaults for OT1/cmr/m/n on input line 213.
LaTeX Font Info:    ... okay on input line 213.
LaTeX Font Info:    Checking defaults for OMS/cmsy/m/n on input line 213.
LaTeX Font Info:    ... okay on input line 213.
LaTeX Font Info:    Checking defaults for OMX/cmex/m/n on input line 213.
LaTeX Font Info:    ... okay on input line 213.
LaTeX Font Info:    Checking defaults for U/cmr/m/n on input line 213.
LaTeX Font Info:    ... okay on input line 213.
LaTeX Font Info:    Checking defaults for PD1/pdf/m/n on input line 213.
LaTeX Font Info:    ... okay on input line 213.
<<<<<<< HEAD

(/usr/local/texlive/2012/texmf-dist/tex/context/base/supp-pdf.mkii
[Loading MPS to PDF converter (version 2006.09.02).]
\scratchcounter=\count125
\scratchdimen=\dimen137
\scratchbox=\box33
\nofMPsegments=\count126
\nofMParguments=\count127
\everyMPshowfont=\toks26
\MPscratchCnt=\count128
\MPscratchDim=\dimen138
\MPnumerator=\count129
\makeMPintoPDFobject=\count130
\everyMPtoPDFconversion=\toks27
) (/usr/local/texlive/2012/texmf-dist/tex/latex/oberdiek/epstopdf-base.sty
Package: epstopdf-base 2010/02/09 v2.5 Base part for package epstopdf

(/usr/local/texlive/2012/texmf-dist/tex/latex/oberdiek/grfext.sty
Package: grfext 2010/08/19 v1.1 Manage graphics extensions (HO)
)
Package grfext Info: Graphics extension search list:
(grfext)             [.png,.pdf,.jpg,.mps,.jpeg,.jbig2,.jb2,.PNG,.PDF,.JPG,.JPE
G,.JBIG2,.JB2,.eps]
(grfext)             \AppendGraphicsExtensions on input line 452.

(/usr/local/texlive/2012/texmf-dist/tex/latex/latexconfig/epstopdf-sys.cfg
File: epstopdf-sys.cfg 2010/07/13 v1.3 Configuration of (r)epstopdf for TeX Liv
e
))
=======
>>>>>>> 60d95d952bf9e6111a0047a0b5bd646825775559
Package lastpage Info: Please have a look at the pageslts package at
(lastpage)             http://www.ctan.org/tex-archive/ 
(lastpage)             macros/latex/contrib/pageslts/ 
(lastpage)             or
(lastpage)             http://www.ctan.org/tex-archive/ 
(lastpage)             install/macros/latex/contrib/pageslts.tds.zip
(lastpage)             ! on input line 213.

<<<<<<< HEAD
(/usr/local/texlive/2012/texmf-dist/tex/latex/ms/ragged2e.sty
Package: ragged2e 2009/05/21 v2.1 ragged2e Package (MS)

(/usr/local/texlive/2012/texmf-dist/tex/latex/ms/everysel.sty
=======
(/usr/share/texlive/texmf-dist/tex/latex/ms/ragged2e.sty
Package: ragged2e 2009/05/21 v2.1 ragged2e Package (MS)

(/usr/share/texlive/texmf-dist/tex/latex/ms/everysel.sty
>>>>>>> 60d95d952bf9e6111a0047a0b5bd646825775559
Package: everysel 2011/10/28 v1.2 EverySelectfont Package (MS)

ABD: EverySelectfont initializing macros
LaTeX Info: Redefining \selectfont on input line 126.
)
\CenteringLeftskip=\skip76
\RaggedLeftLeftskip=\skip77
\RaggedRightLeftskip=\skip78
\CenteringRightskip=\skip79
\RaggedLeftRightskip=\skip80
\RaggedRightRightskip=\skip81
\CenteringParfillskip=\skip82
\RaggedLeftParfillskip=\skip83
\RaggedRightParfillskip=\skip84
\JustifyingParfillskip=\skip85
\CenteringParindent=\skip86
\RaggedLeftParindent=\skip87
\RaggedRightParindent=\skip88
\JustifyingParindent=\skip89
)
\AtBeginShipoutBox=\box34
Package hyperref Info: Link coloring OFF on input line 213.

<<<<<<< HEAD
(/usr/local/texlive/2012/texmf-dist/tex/latex/hyperref/nameref.sty
Package: nameref 2010/04/30 v2.40 Cross-referencing by name of section

(/usr/local/texlive/2012/texmf-dist/tex/generic/oberdiek/gettitlestring.sty
Package: gettitlestring 2010/12/03 v1.4 Cleanup title references (HO)
)
\c@section@level=\count131
=======
(/usr/share/texlive/texmf-dist/tex/latex/hyperref/nameref.sty
Package: nameref 2010/04/30 v2.40 Cross-referencing by name of section

(/usr/share/texlive/texmf-dist/tex/generic/oberdiek/gettitlestring.sty
Package: gettitlestring 2010/12/03 v1.4 Cleanup title references (HO)
)
\c@section@level=\count124
>>>>>>> 60d95d952bf9e6111a0047a0b5bd646825775559
)
LaTeX Info: Redefining \ref on input line 213.
LaTeX Info: Redefining \pageref on input line 213.
LaTeX Info: Redefining \nameref on input line 213.

(./BestPracticesGuide.out) (./BestPracticesGuide.out)
\@outlinefile=\write5
\openout5 = `BestPracticesGuide.out'.

LaTeX Font Info:    Try loading font information for U+msa on input line 222.

<<<<<<< HEAD
(/usr/local/texlive/2012/texmf-dist/tex/latex/amsfonts/umsa.fd
=======
(/usr/share/texlive/texmf-dist/tex/latex/amsfonts/umsa.fd
>>>>>>> 60d95d952bf9e6111a0047a0b5bd646825775559
File: umsa.fd 2009/06/22 v3.00 AMS symbols A
)
LaTeX Font Info:    Try loading font information for U+msb on input line 222.

<<<<<<< HEAD
(/usr/local/texlive/2012/texmf-dist/tex/latex/amsfonts/umsb.fd
File: umsb.fd 2009/06/22 v3.00 AMS symbols B
) [1
Non-PDF special ignored!



{/usr/local/texlive/2012/texmf-var/fonts/map/pdftex/updmap/pdftex.map}] (./bpg/
titlepage.tex [2

]
Missing character: There is no Ò in font cmr12!
Missing character: There is no Ó in font cmr12!
Missing character: There is no Ò in font cmr12!
Missing character: There is no Ó in font cmr12!
 [3]
Underfull \vbox (badness 1824) has occurred while \output is active []

 [4]
[5]) (./BestPracticesGuide.toc [6
=======
(/usr/share/texlive/texmf-dist/tex/latex/amsfonts/umsb.fd
File: umsb.fd 2009/06/22 v3.00 AMS symbols B
) [1



]
(./bpg/titlepage.tex [2

]
Underfull \hbox (badness 2932) in paragraph at lines 18--18
[][][][][]\OT1/cmr/m/n/10 S. Wind-meyer, S. Rankin, G. Bee-myn. 2009. \OT1/cmr/
m/it/10 Cam-pus Cli-mate In-dex\OT1/cmr/m/n/10 .
 []

[3] [4]) (./BestPracticesGuide.toc [5
>>>>>>> 60d95d952bf9e6111a0047a0b5bd646825775559

])
\tf@toc=\write6
\openout6 = `BestPracticesGuide.toc'.

<<<<<<< HEAD
 (./bpg/glossary.tex [7] [8

]pdfTeX warning (ext4): destination with the same identifier (name{page.vii}) h
as been already used, duplicate ignored
<to be read again> 
                   \relax 
l.41 
      [7]pdfTeX warning (ext4): destination with the same identifier (name{page
.viii}) has been already used, duplicate ignored
<to be read again> 
                   \relax 
l.75 
      [8]
Underfull \hbox (badness 10000) in paragraph at lines 81--85

 []


Underfull \hbox (badness 10000) in paragraph at lines 89--91

 []

=======
 (./bpg/glossary.tex [6] [7

] [8]
>>>>>>> 60d95d952bf9e6111a0047a0b5bd646825775559
[9]) [10

] (./bpg/climate_today.tex
Chapter 1.
LaTeX Font Info:    Try loading font information for OMS+cmr on input line 25.
<<<<<<< HEAD
(/usr/local/texlive/2012/texmf-dist/tex/latex/base/omscmr.fd
=======
(/usr/share/texlive/texmf-dist/tex/latex/base/omscmr.fd
>>>>>>> 60d95d952bf9e6111a0047a0b5bd646825775559
File: omscmr.fd 1999/05/25 v2.5h Standard LaTeX font definitions
)
LaTeX Font Info:    Font shape `OMS/cmr/m/n' in size <12> not available
(Font)              Font shape `OMS/cmsy/m/n' tried instead on input line 25.
 [1

<<<<<<< HEAD
] [2] [3]
[4] [5] [6] [7] [8]) (./bpg/climate_tomorrow.tex [9]
Chapter 2.
[10

] [11] [12] [13]
Underfull \vbox (badness 4084) has occurred while \output is active []

 [14]
[15]
Overfull \hbox (4.14626pt too wide) in paragraph at lines 98--98
|\OT1/cmr/bx/n/14.4 Allow name and gen-der changes on de-part-men-tal records| 

 []

[16]
Overfull \hbox (17.84456pt too wide) in paragraph at lines 105--105
|\OT1/cmr/bx/n/14.4 Consider LGBT+ per-sons when de-vel-op-ing family-friendly
 []

=======
] [2] [3] [4]
[5] [6] [7]
Overfull \hbox (40.64699pt too wide) in paragraph at lines 121--122
\OT1/cmr/m/n/12 lists, such as the [][][][] and the [][][][].
 []

[8]) (./bpg/climate_tomorrow.tex [9]
Chapter 2.
[10

] [11] [12] [13] [14] [15]
Overfull \hbox (17.84456pt too wide) in paragraph at lines 101--101
|\OT1/cmr/bx/n/14.4 Consider LGBT+ per-sons when de-vel-op-ing family-friendly
 []


Underfull \vbox (badness 3525) has occurred while \output is active []

 [16]
>>>>>>> 60d95d952bf9e6111a0047a0b5bd646825775559
[17]) (./bpg/personnel.tex [18]
Chapter 3.

Underfull \vbox (badness 1221) has occurred while \output is active []

 [19

]
[20] [21]) (./bpg/advocacy.tex [22]
Chapter 4.
[23

<<<<<<< HEAD
] [24] [25]
Overfull \hbox (10.40973pt too wide) in paragraph at lines 64--66
=======
]
Overfull \hbox (10.40973pt too wide) in paragraph at lines 41--43
>>>>>>> 60d95d952bf9e6111a0047a0b5bd646825775559
\OT1/cmr/m/n/12 Offer other ben-e-fits equally to both opposite-sex and same-se
x spouses/partners
 []

<<<<<<< HEAD
[26]) [27] (./bpg/resources.tex
Appendix A.
[28
=======

Underfull \vbox (badness 1033) has occurred while \output is active []

 [24]
[25]) [26] (./bpg/resources.tex
Appendix A.
[27
>>>>>>> 60d95d952bf9e6111a0047a0b5bd646825775559

]
Missing character: There is no â in font cmr12!
Missing character: There is no € in font cmr12!
Missing character: There is no ™ in font cmr12!

<<<<<<< HEAD
Underfull \vbox (badness 2435) has occurred while \output is active []

 [29]
Overfull \hbox (6.5217pt too wide) in alignment at lines 112--114
[] [] 
 []

[30]) (./bpg/authors.tex [31]
=======
Overfull \hbox (60.60782pt too wide) in paragraph at lines 55--59
\OT1/cmr/m/n/12 pub-li-ca-tions can be found at [][][][]
 []

[28]
Overfull \hbox (6.5217pt too wide) in alignment at lines 106--108
[] [] 
 []

[29]) (./bpg/authors.tex [30]
>>>>>>> 60d95d952bf9e6111a0047a0b5bd646825775559
Appendix B.

Underfull \vbox (badness 1484) has occurred while \output is active []

<<<<<<< HEAD
 [32
=======
 [31
>>>>>>> 60d95d952bf9e6111a0047a0b5bd646825775559

])

AED: lastpage setting LastPage
<<<<<<< HEAD
[33]
Package atveryend Info: Empty hook `BeforeClearDocument' on input line 417.
Package atveryend Info: Empty hook `AfterLastShipout' on input line 417.
 (./BestPracticesGuide.aux)
Package atveryend Info: Executing hook `AtVeryEndDocument' on input line 417.
Package atveryend Info: Executing hook `AtEndAfterFileList' on input line 417.
Package rerunfilecheck Info: File `BestPracticesGuide.out' has not changed.
(rerunfilecheck)             Checksum: 205605429FECAAC119FB0754CE80362E;3559.
Package atveryend Info: Empty hook `AtVeryVeryEnd' on input line 417.
 ) 
Here is how much of TeX's memory you used:
 7334 strings out of 493488
 104084 string characters out of 3141326
 195004 words of memory out of 3000000
 10376 multiletter control sequences out of 15000+200000
 14408 words of font info for 55 fonts, out of 3000000 for 9000
 957 hyphenation exceptions out of 8191
 29i,11n,43p,2135b,400s stack positions out of 5000i,500n,10000p,200000b,50000s
</usr/local/texlive/2012/texmf-dist/fonts/type1/public/amsfonts/cm/cmbx10.pfb
></usr/local/texlive/2012/texmf-dist/fonts/type1/public/amsfonts/cm/cmbx12.pfb>
</usr/local/texlive/2012/texmf-dist/fonts/type1/public/amsfonts/cm/cmbxti10.pfb
></usr/local/texlive/2012/texmf-dist/fonts/type1/public/amsfonts/cm/cmmi8.pfb><
/usr/local/texlive/2012/texmf-dist/fonts/type1/public/amsfonts/cm/cmr10.pfb></u
sr/local/texlive/2012/texmf-dist/fonts/type1/public/amsfonts/cm/cmr12.pfb></usr
/local/texlive/2012/texmf-dist/fonts/type1/public/amsfonts/cm/cmr17.pfb></usr/l
ocal/texlive/2012/texmf-dist/fonts/type1/public/amsfonts/cm/cmr7.pfb></usr/loca
l/texlive/2012/texmf-dist/fonts/type1/public/amsfonts/cm/cmr8.pfb></usr/local/t
exlive/2012/texmf-dist/fonts/type1/public/amsfonts/cm/cmsy10.pfb></usr/local/te
xlive/2012/texmf-dist/fonts/type1/public/amsfonts/cm/cmti10.pfb></usr/local/tex
live/2012/texmf-dist/fonts/type1/public/amsfonts/cm/cmti12.pfb>
Output written on BestPracticesGuide.pdf (45 pages, 263357 bytes).
PDF statistics:
 590 PDF objects out of 1000 (max. 8388607)
 525 compressed objects within 6 object streams
 111 named destinations out of 1000 (max. 500000)
 353 words of extra memory for PDF output out of 10000 (max. 10000000)

=======
[32]
Package atveryend Info: Empty hook `BeforeClearDocument' on input line 417.
Package atveryend Info: Empty hook `AfterLastShipout' on input line 417.
 (./BestPracticesGuide.aux)
Package atveryend Info: Empty hook `AtVeryEndDocument' on input line 417.
Package atveryend Info: Executing hook `AtEndAfterFileList' on input line 417.
Package rerunfilecheck Info: File `BestPracticesGuide.out' has not changed.
(rerunfilecheck)             Checksum: F7E096DACDE465D88F9D17845EBA3B74;3380.
Package atveryend Info: Empty hook `AtVeryVeryEnd' on input line 417.
 ) 
Here is how much of TeX's memory you used:
 6709 strings out of 495060
 94707 string characters out of 3182053
 187134 words of memory out of 3000000
 9758 multiletter control sequences out of 15000+200000
 14408 words of font info for 55 fonts, out of 3000000 for 9000
 14 hyphenation exceptions out of 8191
 29i,11n,43p,2144b,400s stack positions out of 5000i,500n,10000p,200000b,50000s

Output written on BestPracticesGuide.dvi (42 pages, 146160 bytes).
>>>>>>> 60d95d952bf9e6111a0047a0b5bd646825775559
