\BOOKMARK [0][-]{chapter*.2}{Glossary}{}% 1
\BOOKMARK [0][-]{chapter.1}{Improving Departmental Climate Today}{}% 2
\BOOKMARK [1][-]{section*.3}{* Include everyone in social events}{chapter.1}% 3
\BOOKMARK [1][-]{section*.4}{* Use gender-neutral and inclusive language}{chapter.1}% 4
\BOOKMARK [1][-]{section*.5}{* Invite LGBT+ speakers to campus}{chapter.1}% 5
\BOOKMARK [1][-]{section*.6}{* Participate in surveys including LGBT+ experiences}{chapter.1}% 6
\BOOKMARK [1][-]{section*.7}{* Join an Out List as an LGBT+ physicist or as an ally}{chapter.1}% 7
\BOOKMARK [1][-]{section*.8}{Pay attention to course climate}{chapter.1}% 8
\BOOKMARK [1][-]{section*.9}{Train faculty and TAs to be inclusive}{chapter.1}% 9
\BOOKMARK [1][-]{section*.10}{Seek feedback on classroom climate}{chapter.1}% 10
\BOOKMARK [1][-]{section*.11}{Talk about climate with advisees}{chapter.1}% 11
\BOOKMARK [0][-]{chapter.2}{Improving Departmental Climate Tomorrow}{}% 12
\BOOKMARK [1][-]{section*.12}{Increase visibility within the department}{chapter.2}% 13
\BOOKMARK [1][-]{section*.13}{Create safe spaces within the department}{chapter.2}% 14
\BOOKMARK [1][-]{section*.14}{Increase networking opportunities}{chapter.2}% 15
\BOOKMARK [1][-]{section*.15}{Help department members find resources}{chapter.2}% 16
\BOOKMARK [1][-]{section*.16}{Appoint a diversity liaison or committee}{chapter.2}% 17
\BOOKMARK [1][-]{section*.17}{Allow name changes on departmental records}{chapter.2}% 18
\BOOKMARK [1][-]{section*.18}{Recognize and award significant achievements}{chapter.2}% 19
\BOOKMARK [1][-]{section*.19}{Include LGBT+ people in positions of power}{chapter.2}% 20
\BOOKMARK [1][-]{section*.20}{Actively recruit LGBT+ students}{chapter.2}% 21
\BOOKMARK [1][-]{section*.21}{Create opportunities for faculty and staff to receive diversity training}{chapter.2}% 22
\BOOKMARK [0][-]{chapter.3}{Personnel Issues}{}% 23
\BOOKMARK [1][-]{section*.22}{* Include non-discrimination statements in job announcements}{chapter.3}% 24
\BOOKMARK [1][-]{section*.23}{* Avoid assumptions}{chapter.3}% 25
\BOOKMARK [1][-]{section*.24}{* Be open to name changes for job and tenure applicants}{chapter.3}% 26
\BOOKMARK [1][-]{section*.25}{Provide help for all dual-career couples}{chapter.3}% 27
\BOOKMARK [0][-]{chapter.4}{Advocacy at the University Level}{}% 28
\BOOKMARK [1][-]{section*.26}{Provide inclusive health insurance}{chapter.4}% 29
\BOOKMARK [1][-]{section*.27}{Provide restroom accessibility}{chapter.4}% 30
\BOOKMARK [1][-]{section*.28}{Appoint a contact person for dual-career couples}{chapter.4}% 31
\BOOKMARK [1][-]{section*.29}{* Participate in surveys that include LGBT+ experiences}{chapter.4}% 32
\BOOKMARK [1][-]{section*.30}{Use gender-neutral and inclusive language}{chapter.4}% 33
\BOOKMARK [0][-]{section*.30}{Appendices}{}% 34
\BOOKMARK [0][-]{appendix.A}{Resources}{}% 35
\BOOKMARK [0][-]{appendix.B}{Authors}{}% 36
